2014/06/23 10:46:57 [error] [system.db.CDbCommand] CDbCommand::fetchAll() failed: SQLSTATE[42S02]: Base table or view not found: 1146 Table 'bluebroker.tbl_migration' doesn't exist. The SQL statement executed was: SHOW FULL COLUMNS FROM `tbl_migration`.
2014/06/23 10:56:46 [error] [exception.CException] exception 'CException' with message 'Please configure the "password" property of the "gii" module.' in E:\www\bluebrokerAPI\fw\gii\components\UserIdentity.php:13
Stack trace:
#0 E:\www\bluebrokerAPI\fw\gii\models\LoginForm.php(26): UserIdentity->authenticate()
#1 E:\www\bluebrokerAPI\fw\validators\CInlineValidator.php(42): LoginForm->authenticate('password', Array)
#2 E:\www\bluebrokerAPI\fw\validators\CValidator.php(213): CInlineValidator->validateAttribute(Object(LoginForm), 'password')
#3 E:\www\bluebrokerAPI\fw\base\CModel.php(159): CValidator->validate(Object(LoginForm), NULL)
#4 E:\www\bluebrokerAPI\fw\gii\controllers\DefaultController.php(43): CModel->validate()
#5 E:\www\bluebrokerAPI\fw\web\actions\CInlineAction.php(49): DefaultController->actionLogin()
#6 E:\www\bluebrokerAPI\fw\web\CController.php(308): CInlineAction->runWithParams(Array)
#7 E:\www\bluebrokerAPI\fw\web\CController.php(286): CController->runAction(Object(CInlineAction))
#8 E:\www\bluebrokerAPI\fw\web\CController.php(265): CController->runActionWithFilters(Object(CInlineAction), Array)
#9 E:\www\bluebrokerAPI\fw\web\CWebApplication.php(282): CController->run('login')
#10 E:\www\bluebrokerAPI\fw\web\CWebApplication.php(141): CWebApplication->runController('gii/default/log...')
#11 E:\www\bluebrokerAPI\fw\base\CApplication.php(169): CWebApplication->processRequest()
#12 E:\www\bluebrokerAPI\index.php(13): CApplication->run()
#13 {main}
REQUEST_URI=/bluebrokerAPI/gii/default/login
HTTP_REFERER=http://localhost/bluebrokerAPI/gii/default/login
---
2014/06/23 10:58:27 [error] [exception.CHttpException.404] exception 'CHttpException' with message 'The system is unable to find the requested action "categoria".' in E:\www\bluebrokerAPI\fw\web\CController.php:483
Stack trace:
#0 E:\www\bluebrokerAPI\fw\web\CController.php(270): CController->missingAction('categoria')
#1 E:\www\bluebrokerAPI\fw\web\CWebApplication.php(282): CController->run('categoria')
#2 E:\www\bluebrokerAPI\fw\web\CWebApplication.php(141): CWebApplication->runController('api/categoria')
#3 E:\www\bluebrokerAPI\fw\base\CApplication.php(169): CWebApplication->processRequest()
#4 E:\www\bluebrokerAPI\index.php(13): CApplication->run()
#5 {main}
REQUEST_URI=/bluebrokerAPI/api/categoria
---
2014/06/23 10:58:45 [error] [exception.CHttpException.404] exception 'CHttpException' with message 'The system is unable to find the requested action "categoria".' in E:\www\bluebrokerAPI\fw\web\CController.php:483
Stack trace:
#0 E:\www\bluebrokerAPI\fw\web\CController.php(270): CController->missingAction('categoria')
#1 E:\www\bluebrokerAPI\fw\web\CWebApplication.php(282): CController->run('categoria')
#2 E:\www\bluebrokerAPI\fw\web\CWebApplication.php(141): CWebApplication->runController('api/categoria/l...')
#3 E:\www\bluebrokerAPI\fw\base\CApplication.php(169): CWebApplication->processRequest()
#4 E:\www\bluebrokerAPI\index.php(13): CApplication->run()
#5 {main}
REQUEST_URI=/bluebrokerAPI/api/categoria/list
---
2014/06/23 10:58:48 [error] [exception.CHttpException.404] exception 'CHttpException' with message 'The system is unable to find the requested action "categoria".' in E:\www\bluebrokerAPI\fw\web\CController.php:483
Stack trace:
#0 E:\www\bluebrokerAPI\fw\web\CController.php(270): CController->missingAction('categoria')
#1 E:\www\bluebrokerAPI\fw\web\CWebApplication.php(282): CController->run('categoria')
#2 E:\www\bluebrokerAPI\fw\web\CWebApplication.php(141): CWebApplication->runController('api/categoria/l...')
#3 E:\www\bluebrokerAPI\fw\base\CApplication.php(169): CWebApplication->processRequest()
#4 E:\www\bluebrokerAPI\index.php(13): CApplication->run()
#5 {main}
REQUEST_URI=/bluebrokerAPI/api/categoria/list
---
2014/06/23 10:59:04 [error] [exception.CHttpException.404] exception 'CHttpException' with message 'The system is unable to find the requested action "categoria".' in E:\www\bluebrokerAPI\fw\web\CController.php:483
Stack trace:
#0 E:\www\bluebrokerAPI\fw\web\CController.php(270): CController->missingAction('categoria')
#1 E:\www\bluebrokerAPI\fw\web\CWebApplication.php(282): CController->run('categoria')
#2 E:\www\bluebrokerAPI\fw\web\CWebApplication.php(141): CWebApplication->runController('api/categoria')
#3 E:\www\bluebrokerAPI\fw\base\CApplication.php(169): CWebApplication->processRequest()
#4 E:\www\bluebrokerAPI\index.php(13): CApplication->run()
#5 {main}
REQUEST_URI=/bluebrokerAPI/api/categoria
---
2014/06/23 11:00:55 [error] [exception.CHttpException.404] exception 'CHttpException' with message 'The system is unable to find the requested action "categoria".' in E:\www\bluebrokerAPI\fw\web\CController.php:483
Stack trace:
#0 E:\www\bluebrokerAPI\fw\web\CController.php(270): CController->missingAction('categoria')
#1 E:\www\bluebrokerAPI\fw\web\CWebApplication.php(282): CController->run('categoria')
#2 E:\www\bluebrokerAPI\fw\web\CWebApplication.php(141): CWebApplication->runController('api/categoria')
#3 E:\www\bluebrokerAPI\fw\base\CApplication.php(169): CWebApplication->processRequest()
#4 E:\www\bluebrokerAPI\index.php(13): CApplication->run()
#5 {main}
REQUEST_URI=/bluebrokerAPI/api/categoria
---
2014/06/23 11:00:56 [error] [exception.CHttpException.404] exception 'CHttpException' with message 'The system is unable to find the requested action "categoria".' in E:\www\bluebrokerAPI\fw\web\CController.php:483
Stack trace:
#0 E:\www\bluebrokerAPI\fw\web\CController.php(270): CController->missingAction('categoria')
#1 E:\www\bluebrokerAPI\fw\web\CWebApplication.php(282): CController->run('categoria')
#2 E:\www\bluebrokerAPI\fw\web\CWebApplication.php(141): CWebApplication->runController('api/categoria')
#3 E:\www\bluebrokerAPI\fw\base\CApplication.php(169): CWebApplication->processRequest()
#4 E:\www\bluebrokerAPI\index.php(13): CApplication->run()
#5 {main}
REQUEST_URI=/bluebrokerAPI/api/categoria
---
2014/06/23 11:00:58 [error] [exception.CHttpException.404] exception 'CHttpException' with message 'The system is unable to find the requested action "categoria".' in E:\www\bluebrokerAPI\fw\web\CController.php:483
Stack trace:
#0 E:\www\bluebrokerAPI\fw\web\CController.php(270): CController->missingAction('categoria')
#1 E:\www\bluebrokerAPI\fw\web\CWebApplication.php(282): CController->run('categoria')
#2 E:\www\bluebrokerAPI\fw\web\CWebApplication.php(141): CWebApplication->runController('api/categoria')
#3 E:\www\bluebrokerAPI\fw\base\CApplication.php(169): CWebApplication->processRequest()
#4 E:\www\bluebrokerAPI\index.php(13): CApplication->run()
#5 {main}
REQUEST_URI=/bluebrokerAPI/api/categoria
---
2014/06/23 11:01:36 [error] [exception.CHttpException.404] exception 'CHttpException' with message 'The system is unable to find the requested action "categoria".' in E:\www\bluebrokerAPI\fw\web\CController.php:483
Stack trace:
#0 E:\www\bluebrokerAPI\fw\web\CController.php(270): CController->missingAction('categoria')
#1 E:\www\bluebrokerAPI\fw\web\CWebApplication.php(282): CController->run('categoria')
#2 E:\www\bluebrokerAPI\fw\web\CWebApplication.php(141): CWebApplication->runController('api/categoria')
#3 E:\www\bluebrokerAPI\fw\base\CApplication.php(169): CWebApplication->processRequest()
#4 E:\www\bluebrokerAPI\index.php(13): CApplication->run()
#5 {main}
REQUEST_URI=/bluebrokerAPI/api/categoria/
---
2014/06/23 11:01:39 [error] [exception.CHttpException.404] exception 'CHttpException' with message 'The system is unable to find the requested action "categoria".' in E:\www\bluebrokerAPI\fw\web\CController.php:483
Stack trace:
#0 E:\www\bluebrokerAPI\fw\web\CController.php(270): CController->missingAction('categoria')
#1 E:\www\bluebrokerAPI\fw\web\CWebApplication.php(282): CController->run('categoria')
#2 E:\www\bluebrokerAPI\fw\web\CWebApplication.php(141): CWebApplication->runController('api/categoria')
#3 E:\www\bluebrokerAPI\fw\base\CApplication.php(169): CWebApplication->processRequest()
#4 E:\www\bluebrokerAPI\index.php(13): CApplication->run()
#5 {main}
REQUEST_URI=/bluebrokerAPI/api/categoria
---
2014/06/23 11:02:40 [error] [exception.CException] exception 'CException' with message 'ApiController and its behaviors do not have a method or closure named "_getStatusCodeMessage".' in E:\www\bluebrokerAPI\fw\base\CComponent.php:265
Stack trace:
#0 E:\www\bluebrokerAPI\protected\controllers\ApiController.php(70): CComponent->__call('_getStatusCodeM...', Array)
#1 E:\www\bluebrokerAPI\protected\controllers\ApiController.php(70): ApiController->_getStatusCodeMessage(200)
#2 E:\www\bluebrokerAPI\protected\controllers\ApiController.php(51): ApiController->_sendResponse(200, '[{"id":"1","nom...')
#3 E:\www\bluebrokerAPI\fw\web\actions\CInlineAction.php(49): ApiController->actionList()
#4 E:\www\bluebrokerAPI\fw\web\CController.php(308): CInlineAction->runWithParams(Array)
#5 E:\www\bluebrokerAPI\fw\web\CController.php(286): CController->runAction(Object(CInlineAction))
#6 E:\www\bluebrokerAPI\fw\web\CController.php(265): CController->runActionWithFilters(Object(CInlineAction), Array)
#7 E:\www\bluebrokerAPI\fw\web\CWebApplication.php(282): CController->run('list')
#8 E:\www\bluebrokerAPI\fw\web\CWebApplication.php(141): CWebApplication->runController('api/list')
#9 E:\www\bluebrokerAPI\fw\base\CApplication.php(169): CWebApplication->processRequest()
#10 E:\www\bluebrokerAPI\index.php(13): CApplication->run()
#11 {main}
REQUEST_URI=/bluebrokerAPI/api/categoria
---
